0.498893
137543
947072
1057 896
32.7696
bk1 0 0 336 133
bk10a 574 84 952 203
bk10b 812 378 973 518
bk10c 364 518 483 567
bk11 483 252 658 371
bk12 336 483 742 623
bk13 357 350 497 847
bk14a 448 665 644 784
bk14b 455 84 574 378
bk14c 483 469 644 588
bk15a 336 84 455 350
bk15b 483 133 602 469
bk16 364 252 483 378
bk17a 448 350 819 532
bk17b 602 133 805 315
bk18 637 378 840 560
bk19 357 231 441 350
bk2 182 252 476 385
bk20 455 378 637 728
bk21 497 378 812 518
bk3 0 350 315 483
bk4 497 350 1057 483
bk5a 364 378 497 518
bk5b 336 350 511 483
bk5c 315 665 448 896
bk6 315 350 448 665
bk7 0 133 182 231
bk8a 602 315 812 525
bk8b 805 133 931 511
bk9a 182 133 364 252
bk9b 364 133 483 252
bk9c 0 231 357 350
bk9d 336 0 455 84
